2025-12-13T14:50:22.651675Z  INFO tailwindcss_oxide::scanner: Provided sources:
2025-12-13T14:50:22.651806Z  INFO tailwindcss_oxide::scanner: Source: PublicSourceEntry { base: "/Users/amera/Desktop/JS PROJECT ITI/New folder", pattern: "**/*", negated: false }
2025-12-13T14:50:22.651950Z  INFO tailwindcss_oxide::scanner: Optimized sources:
2025-12-13T14:50:22.651968Z  INFO tailwindcss_oxide::scanner: Source: Auto { base: "/Users/amera/Desktop/JS PROJECT ITI/New folder" }
2025-12-13T14:50:22.654945Z  INFO get_files: tailwindcss_oxide::scanner: enter
2025-12-13T14:50:22.655010Z  INFO get_files:scan_sources: tailwindcss_oxide::scanner: enter
2025-12-13T14:50:22.656458Z  INFO get_files:scan_sources: tailwindcss_oxide::scanner: Discovering "/Users/amera/Desktop/JS PROJECT ITI/New folder/index.html"
2025-12-13T14:50:22.656534Z  INFO get_files:scan_sources: tailwindcss_oxide::scanner: Discovering "/Users/amera/Desktop/JS PROJECT ITI/New folder/tailwind.config.js"
2025-12-13T14:50:22.656716Z  INFO get_files:scan_sources: tailwindcss_oxide::scanner: Discovering "/Users/amera/Desktop/JS PROJECT ITI/New folder/css"
2025-12-13T14:50:22.656865Z  INFO get_files:scan_sources: tailwindcss_oxide::scanner: Discovering "/Users/amera/Desktop/JS PROJECT ITI/New folder/css/custom.css"
2025-12-13T14:50:22.656914Z  INFO get_files:scan_sources: tailwindcss_oxide::scanner: Discovering "/Users/amera/Desktop/JS PROJECT ITI/New folder/css/input.css"
2025-12-13T14:50:22.656949Z  INFO get_files:scan_sources: tailwindcss_oxide::scanner: Discovering "/Users/amera/Desktop/JS PROJECT ITI/New folder/css/output.css"
2025-12-13T14:50:22.657046Z  INFO get_files:scan_sources: tailwindcss_oxide::scanner: Discovering "/Users/amera/Desktop/JS PROJECT ITI/New folder/js"
2025-12-13T14:50:22.657133Z  INFO get_files:scan_sources: tailwindcss_oxide::scanner: Discovering "/Users/amera/Desktop/JS PROJECT ITI/New folder/js/signup.js"
2025-12-13T14:50:22.657181Z  INFO get_files:scan_sources: tailwindcss_oxide::scanner: Discovering "/Users/amera/Desktop/JS PROJECT ITI/New folder/js/classes.js"
2025-12-13T14:50:22.657222Z  INFO get_files:scan_sources: tailwindcss_oxide::scanner: Discovering "/Users/amera/Desktop/JS PROJECT ITI/New folder/js/validation.js"
2025-12-13T14:50:22.657571Z  INFO get_files:scan_sources: tailwindcss_oxide::scanner: Discovering "/Users/amera/Desktop/JS PROJECT ITI/New folder/json_data_structure_updated.json"
2025-12-13T14:50:22.657682Z  INFO get_files:scan_sources: tailwindcss_oxide::scanner: Discovering "/Users/amera/Desktop/JS PROJECT ITI/New folder/package.json"
2025-12-13T14:50:22.658833Z  INFO get_files:scan_sources: tailwindcss_oxide::scanner: Discovering "/Users/amera/Desktop/JS PROJECT ITI/New folder/assets"
2025-12-13T14:50:22.659079Z  INFO get_files:scan_sources: tailwindcss_oxide::scanner: Discovering "/Users/amera/Desktop/JS PROJECT ITI/New folder/assets/image"
2025-12-13T14:50:22.659252Z  INFO get_files:scan_sources: tailwindcss_oxide::scanner: Discovering "/Users/amera/Desktop/JS PROJECT ITI/New folder/pages"
2025-12-13T14:50:22.659344Z  INFO get_files:scan_sources: tailwindcss_oxide::scanner: Discovering "/Users/amera/Desktop/JS PROJECT ITI/New folder/pages/profile.html"
2025-12-13T14:50:22.659400Z  INFO get_files:scan_sources: tailwindcss_oxide::scanner: Discovering "/Users/amera/Desktop/JS PROJECT ITI/New folder/pages/New folder"
2025-12-13T14:50:22.659521Z  INFO get_files:scan_sources: tailwindcss_oxide::scanner: Discovering "/Users/amera/Desktop/JS PROJECT ITI/New folder/pages/quiz.html"
2025-12-13T14:50:22.659565Z  INFO get_files:scan_sources: tailwindcss_oxide::scanner: Discovering "/Users/amera/Desktop/JS PROJECT ITI/New folder/pages/result.html"
2025-12-13T14:50:22.659596Z  INFO get_files:scan_sources: tailwindcss_oxide::scanner: Discovering "/Users/amera/Desktop/JS PROJECT ITI/New folder/pages/teatcher-dashboard.html"
2025-12-13T14:50:22.659627Z  INFO get_files:scan_sources: tailwindcss_oxide::scanner: Discovering "/Users/amera/Desktop/JS PROJECT ITI/New folder/pages/signup.html"
2025-12-13T14:50:22.659685Z  INFO get_files:scan_sources: tailwindcss_oxide::scanner: exit
2025-12-13T14:50:22.659975Z  INFO get_files: tailwindcss_oxide::scanner: exit
2025-12-13T14:50:22.660108Z  INFO get_globs: tailwindcss_oxide::scanner: enter
2025-12-13T14:50:22.660134Z  INFO get_globs:scan_sources: tailwindcss_oxide::scanner: enter
2025-12-13T14:50:22.660873Z  INFO get_globs:scan_sources: tailwindcss_oxide::scanner: Discovering "/Users/amera/Desktop/JS PROJECT ITI/New folder/css"
2025-12-13T14:50:22.661060Z  INFO get_globs:scan_sources: tailwindcss_oxide::scanner: Discovering "/Users/amera/Desktop/JS PROJECT ITI/New folder/js"
2025-12-13T14:50:22.661815Z  INFO get_globs:scan_sources: tailwindcss_oxide::scanner: Discovering "/Users/amera/Desktop/JS PROJECT ITI/New folder/assets"
2025-12-13T14:50:22.661960Z  INFO get_globs:scan_sources: tailwindcss_oxide::scanner: Discovering "/Users/amera/Desktop/JS PROJECT ITI/New folder/assets/image"
2025-12-13T14:50:22.662087Z  INFO get_globs:scan_sources: tailwindcss_oxide::scanner: Discovering "/Users/amera/Desktop/JS PROJECT ITI/New folder/pages"
2025-12-13T14:50:22.662266Z  INFO get_globs:scan_sources: tailwindcss_oxide::scanner: Discovering "/Users/amera/Desktop/JS PROJECT ITI/New folder/pages/New folder"
2025-12-13T14:50:22.662477Z  INFO get_globs:scan_sources: tailwindcss_oxide::scanner: exit
2025-12-13T14:50:22.668120Z  INFO get_globs: tailwindcss_oxide::scanner: exit
