2025-12-13T13:58:52.515215Z  INFO tailwindcss_oxide::scanner: Provided sources:
2025-12-13T13:58:52.515340Z  INFO tailwindcss_oxide::scanner: Source: PublicSourceEntry { base: "/Users/amera/Desktop/JS PROJECT ITI/New folder", pattern: "**/*", negated: false }
2025-12-13T13:58:52.515537Z  INFO tailwindcss_oxide::scanner: Optimized sources:
2025-12-13T13:58:52.515563Z  INFO tailwindcss_oxide::scanner: Source: Auto { base: "/Users/amera/Desktop/JS PROJECT ITI/New folder" }
2025-12-13T13:58:52.518836Z  INFO get_files: tailwindcss_oxide::scanner: enter
2025-12-13T13:58:52.518910Z  INFO get_files:scan_sources: tailwindcss_oxide::scanner: enter
2025-12-13T13:58:52.519691Z  INFO get_files:scan_sources: tailwindcss_oxide::scanner: Discovering "/Users/amera/Desktop/JS PROJECT ITI/New folder/index.html"
2025-12-13T13:58:52.519835Z  INFO get_files:scan_sources: tailwindcss_oxide::scanner: Discovering "/Users/amera/Desktop/JS PROJECT ITI/New folder/css"
2025-12-13T13:58:52.519957Z  INFO get_files:scan_sources: tailwindcss_oxide::scanner: Discovering "/Users/amera/Desktop/JS PROJECT ITI/New folder/css/input.css"
2025-12-13T13:58:52.520093Z  INFO get_files:scan_sources: tailwindcss_oxide::scanner: Discovering "/Users/amera/Desktop/JS PROJECT ITI/New folder/js"
2025-12-13T13:58:52.520238Z  INFO get_files:scan_sources: tailwindcss_oxide::scanner: Discovering "/Users/amera/Desktop/JS PROJECT ITI/New folder/js/signup.js"
2025-12-13T13:58:52.520292Z  INFO get_files:scan_sources: tailwindcss_oxide::scanner: Discovering "/Users/amera/Desktop/JS PROJECT ITI/New folder/js/classes.js"
2025-12-13T13:58:52.520327Z  INFO get_files:scan_sources: tailwindcss_oxide::scanner: Discovering "/Users/amera/Desktop/JS PROJECT ITI/New folder/js/validation.js"
2025-12-13T13:58:52.520524Z  INFO get_files:scan_sources: tailwindcss_oxide::scanner: Discovering "/Users/amera/Desktop/JS PROJECT ITI/New folder/json_data_structure_updated.json"
2025-12-13T13:58:52.520613Z  INFO get_files:scan_sources: tailwindcss_oxide::scanner: Discovering "/Users/amera/Desktop/JS PROJECT ITI/New folder/package.json"
2025-12-13T13:58:52.520692Z  INFO get_files:scan_sources: tailwindcss_oxide::scanner: Discovering "/Users/amera/Desktop/JS PROJECT ITI/New folder/.vscode"
2025-12-13T13:58:52.520778Z  INFO get_files:scan_sources: tailwindcss_oxide::scanner: Discovering "/Users/amera/Desktop/JS PROJECT ITI/New folder/.vscode/settings.json"
2025-12-13T13:58:52.520858Z  INFO get_files:scan_sources: tailwindcss_oxide::scanner: Discovering "/Users/amera/Desktop/JS PROJECT ITI/New folder/assets"
2025-12-13T13:58:52.520958Z  INFO get_files:scan_sources: tailwindcss_oxide::scanner: Discovering "/Users/amera/Desktop/JS PROJECT ITI/New folder/assets/image"
2025-12-13T13:58:52.521251Z  INFO get_files:scan_sources: tailwindcss_oxide::scanner: Discovering "/Users/amera/Desktop/JS PROJECT ITI/New folder/pages"
2025-12-13T13:58:52.521444Z  INFO get_files:scan_sources: tailwindcss_oxide::scanner: Discovering "/Users/amera/Desktop/JS PROJECT ITI/New folder/pages/New folder"
2025-12-13T13:58:52.521647Z  INFO get_files:scan_sources: tailwindcss_oxide::scanner: Discovering "/Users/amera/Desktop/JS PROJECT ITI/New folder/pages/student-dashboard.html"
2025-12-13T13:58:52.521687Z  INFO get_files:scan_sources: tailwindcss_oxide::scanner: Discovering "/Users/amera/Desktop/JS PROJECT ITI/New folder/pages/quiz.html"
2025-12-13T13:58:52.521786Z  INFO get_files:scan_sources: tailwindcss_oxide::scanner: Discovering "/Users/amera/Desktop/JS PROJECT ITI/New folder/pages/result.html"
2025-12-13T13:58:52.521886Z  INFO get_files:scan_sources: tailwindcss_oxide::scanner: Discovering "/Users/amera/Desktop/JS PROJECT ITI/New folder/pages/teatcher-dashboard.html"
2025-12-13T13:58:52.522616Z  INFO get_files:scan_sources: tailwindcss_oxide::scanner: Discovering "/Users/amera/Desktop/JS PROJECT ITI/New folder/pages/signup.html"
2025-12-13T13:58:52.522759Z  INFO get_files:scan_sources: tailwindcss_oxide::scanner: exit
2025-12-13T13:58:52.523641Z  INFO get_files: tailwindcss_oxide::scanner: exit
2025-12-13T13:58:52.524806Z  INFO get_globs: tailwindcss_oxide::scanner: enter
2025-12-13T13:58:52.525041Z  INFO get_globs:scan_sources: tailwindcss_oxide::scanner: enter
2025-12-13T13:58:52.527935Z  INFO get_globs:scan_sources: tailwindcss_oxide::scanner: Discovering "/Users/amera/Desktop/JS PROJECT ITI/New folder/css"
2025-12-13T13:58:52.528148Z  INFO get_globs:scan_sources: tailwindcss_oxide::scanner: Discovering "/Users/amera/Desktop/JS PROJECT ITI/New folder/js"
2025-12-13T13:58:52.528627Z  INFO get_globs:scan_sources: tailwindcss_oxide::scanner: Discovering "/Users/amera/Desktop/JS PROJECT ITI/New folder/.vscode"
2025-12-13T13:58:52.528847Z  INFO get_globs:scan_sources: tailwindcss_oxide::scanner: Discovering "/Users/amera/Desktop/JS PROJECT ITI/New folder/assets"
2025-12-13T13:58:52.529179Z  INFO get_globs:scan_sources: tailwindcss_oxide::scanner: Discovering "/Users/amera/Desktop/JS PROJECT ITI/New folder/assets/image"
2025-12-13T13:58:52.529514Z  INFO get_globs:scan_sources: tailwindcss_oxide::scanner: Discovering "/Users/amera/Desktop/JS PROJECT ITI/New folder/pages"
2025-12-13T13:58:52.538994Z  INFO get_globs:scan_sources: tailwindcss_oxide::scanner: Discovering "/Users/amera/Desktop/JS PROJECT ITI/New folder/pages/New folder"
2025-12-13T13:58:52.540019Z  INFO get_globs:scan_sources: tailwindcss_oxide::scanner: exit
2025-12-13T13:58:52.544177Z  INFO get_globs: tailwindcss_oxide::scanner: exit
