2025-12-13T14:50:31.214544Z  INFO tailwindcss_oxide::scanner: Provided sources:
2025-12-13T14:50:31.214650Z  INFO tailwindcss_oxide::scanner: Source: PublicSourceEntry { base: "/Users/amera/Desktop/JS PROJECT ITI/New folder", pattern: "**/*", negated: false }
2025-12-13T14:50:31.214803Z  INFO tailwindcss_oxide::scanner: Optimized sources:
2025-12-13T14:50:31.214825Z  INFO tailwindcss_oxide::scanner: Source: Auto { base: "/Users/amera/Desktop/JS PROJECT ITI/New folder" }
2025-12-13T14:50:31.217501Z  INFO get_files: tailwindcss_oxide::scanner: enter
2025-12-13T14:50:31.217563Z  INFO get_files:scan_sources: tailwindcss_oxide::scanner: enter
2025-12-13T14:50:31.218372Z  INFO get_files:scan_sources: tailwindcss_oxide::scanner: Discovering "/Users/amera/Desktop/JS PROJECT ITI/New folder/index.html"
2025-12-13T14:50:31.218509Z  INFO get_files:scan_sources: tailwindcss_oxide::scanner: Discovering "/Users/amera/Desktop/JS PROJECT ITI/New folder/tailwind.config.js"
2025-12-13T14:50:31.218617Z  INFO get_files:scan_sources: tailwindcss_oxide::scanner: Discovering "/Users/amera/Desktop/JS PROJECT ITI/New folder/css"
2025-12-13T14:50:31.218710Z  INFO get_files:scan_sources: tailwindcss_oxide::scanner: Discovering "/Users/amera/Desktop/JS PROJECT ITI/New folder/css/custom.css"
2025-12-13T14:50:31.218745Z  INFO get_files:scan_sources: tailwindcss_oxide::scanner: Discovering "/Users/amera/Desktop/JS PROJECT ITI/New folder/css/input.css"
2025-12-13T14:50:31.218777Z  INFO get_files:scan_sources: tailwindcss_oxide::scanner: Discovering "/Users/amera/Desktop/JS PROJECT ITI/New folder/css/output.css"
2025-12-13T14:50:31.218857Z  INFO get_files:scan_sources: tailwindcss_oxide::scanner: Discovering "/Users/amera/Desktop/JS PROJECT ITI/New folder/js"
2025-12-13T14:50:31.218942Z  INFO get_files:scan_sources: tailwindcss_oxide::scanner: Discovering "/Users/amera/Desktop/JS PROJECT ITI/New folder/js/signup.js"
2025-12-13T14:50:31.218978Z  INFO get_files:scan_sources: tailwindcss_oxide::scanner: Discovering "/Users/amera/Desktop/JS PROJECT ITI/New folder/js/classes.js"
2025-12-13T14:50:31.219036Z  INFO get_files:scan_sources: tailwindcss_oxide::scanner: Discovering "/Users/amera/Desktop/JS PROJECT ITI/New folder/js/validation.js"
2025-12-13T14:50:31.219241Z  INFO get_files:scan_sources: tailwindcss_oxide::scanner: Discovering "/Users/amera/Desktop/JS PROJECT ITI/New folder/json_data_structure_updated.json"
2025-12-13T14:50:31.219337Z  INFO get_files:scan_sources: tailwindcss_oxide::scanner: Discovering "/Users/amera/Desktop/JS PROJECT ITI/New folder/package.json"
2025-12-13T14:50:31.219555Z  INFO get_files:scan_sources: tailwindcss_oxide::scanner: Discovering "/Users/amera/Desktop/JS PROJECT ITI/New folder/assets"
2025-12-13T14:50:31.219672Z  INFO get_files:scan_sources: tailwindcss_oxide::scanner: Discovering "/Users/amera/Desktop/JS PROJECT ITI/New folder/assets/image"
2025-12-13T14:50:31.219811Z  INFO get_files:scan_sources: tailwindcss_oxide::scanner: Discovering "/Users/amera/Desktop/JS PROJECT ITI/New folder/pages"
2025-12-13T14:50:31.219902Z  INFO get_files:scan_sources: tailwindcss_oxide::scanner: Discovering "/Users/amera/Desktop/JS PROJECT ITI/New folder/pages/profile.html"
2025-12-13T14:50:31.219966Z  INFO get_files:scan_sources: tailwindcss_oxide::scanner: Discovering "/Users/amera/Desktop/JS PROJECT ITI/New folder/pages/New folder"
2025-12-13T14:50:31.220104Z  INFO get_files:scan_sources: tailwindcss_oxide::scanner: Discovering "/Users/amera/Desktop/JS PROJECT ITI/New folder/pages/quiz.html"
2025-12-13T14:50:31.220159Z  INFO get_files:scan_sources: tailwindcss_oxide::scanner: Discovering "/Users/amera/Desktop/JS PROJECT ITI/New folder/pages/result.html"
2025-12-13T14:50:31.220271Z  INFO get_files:scan_sources: tailwindcss_oxide::scanner: Discovering "/Users/amera/Desktop/JS PROJECT ITI/New folder/pages/teatcher-dashboard.html"
2025-12-13T14:50:31.220319Z  INFO get_files:scan_sources: tailwindcss_oxide::scanner: Discovering "/Users/amera/Desktop/JS PROJECT ITI/New folder/pages/signup.html"
2025-12-13T14:50:31.220405Z  INFO get_files:scan_sources: tailwindcss_oxide::scanner: exit
2025-12-13T14:50:31.235130Z  INFO get_files: tailwindcss_oxide::scanner: exit
2025-12-13T14:50:31.235230Z  INFO get_globs: tailwindcss_oxide::scanner: enter
2025-12-13T14:50:31.235250Z  INFO get_globs:scan_sources: tailwindcss_oxide::scanner: enter
2025-12-13T14:50:31.241206Z  INFO get_globs:scan_sources: tailwindcss_oxide::scanner: Discovering "/Users/amera/Desktop/JS PROJECT ITI/New folder/css"
2025-12-13T14:50:31.241492Z  INFO get_globs:scan_sources: tailwindcss_oxide::scanner: Discovering "/Users/amera/Desktop/JS PROJECT ITI/New folder/js"
2025-12-13T14:50:31.241959Z  INFO get_globs:scan_sources: tailwindcss_oxide::scanner: Discovering "/Users/amera/Desktop/JS PROJECT ITI/New folder/assets"
2025-12-13T14:50:31.242116Z  INFO get_globs:scan_sources: tailwindcss_oxide::scanner: Discovering "/Users/amera/Desktop/JS PROJECT ITI/New folder/assets/image"
2025-12-13T14:50:31.242239Z  INFO get_globs:scan_sources: tailwindcss_oxide::scanner: Discovering "/Users/amera/Desktop/JS PROJECT ITI/New folder/pages"
2025-12-13T14:50:31.242413Z  INFO get_globs:scan_sources: tailwindcss_oxide::scanner: Discovering "/Users/amera/Desktop/JS PROJECT ITI/New folder/pages/New folder"
2025-12-13T14:50:31.242702Z  INFO get_globs:scan_sources: tailwindcss_oxide::scanner: exit
2025-12-13T14:50:31.244683Z  INFO get_globs: tailwindcss_oxide::scanner: exit
